<?xml version="1.0" encoding="UTF-8"?><testsuite errors="1" failures="0" name="buy a product in the falabella application" skipped="0" tests="1" time="7.06" timestamp="2022-04-16 06:44:27"><testcase name="add quantity chosen by the user"><error message="Could not find a matching constructor for class class sistecredito.retofalabella.tasks.prueba2 with parameters [1, sistecredito.retofalabella.models.DataProduct@5d28195e]" type="java.lang.IllegalArgumentException">Could not find a matching constructor for class class sistecredito.retofalabella.tasks.prueba2 with parameters [1, sistecredito.retofalabella.models.DataProduct@5d28195e]</error><system-err>Could not find a matching constructor for class class sistecredito.retofalabella.tasks.prueba2 with parameters [1, sistecredito.retofalabella.models.DataProduct@5d28195e]&#13;
sistecredito.retofalabella.tasks.prueba2.prueba2(prueba2.java:50)&#13;
sistecredito.retofalabella.stepdefinitions.ProductShoppingStepDefinitions.theUserSelectsProducts(ProductShoppingStepDefinitions.java:76)&#13;
✽.the user selects 1 products(src/test/resources/features/product_shopping_bag.feacture:40)&#13;
</system-err></testcase></testsuite>